<?xml version="1.0" encoding="UTF-8"?>
<testsuite name="com.tr.selenium.tests.ContactDeletionTest" tests="1" skipped="0" failures="0" errors="0" timestamp="2018-03-13T17:12:26" hostname="asus_k750j" time="4.041">
  <properties/>
  <testcase name="TestDeleteContact" classname="com.tr.selenium.tests.ContactDeletionTest" time="4.041"/>
  <system-out><![CDATA[]]></system-out>
  <system-err><![CDATA[]]></system-err>
</testsuite>
