<?xml version="1.0" encoding="UTF-8"?>
<testsuite name="com.tr.selenium.tests.ContactModificationTest" tests="1" skipped="0" failures="0" errors="0" timestamp="2018-03-12T19:32:57" hostname="asus_k750j" time="5.448">
  <properties/>
  <testcase name="ContactChangeTest" classname="com.tr.selenium.tests.ContactModificationTest" time="5.448"/>
  <system-out><![CDATA[]]></system-out>
  <system-err><![CDATA[]]></system-err>
</testsuite>
