<?xml version="1.0" encoding="UTF-8"?>
<testsuite name="com.tr.selenium.tests.ContactCreationTest" tests="1" skipped="0" failures="0" errors="0" timestamp="2018-03-13T17:12:18" hostname="asus_k750j" time="3.983">
  <properties/>
  <testcase name="TestContactCreate" classname="com.tr.selenium.tests.ContactCreationTest" time="3.983"/>
  <system-out><![CDATA[]]></system-out>
  <system-err><![CDATA[]]></system-err>
</testsuite>
