<?xml version="1.0" encoding="UTF-8"?>
<testsuite name="com.tr.selenium.tests.GroupCreationTest" tests="1" skipped="0" failures="0" errors="0" timestamp="2018-03-12T19:33:57" hostname="asus_k750j" time="3.824">
  <properties/>
  <testcase name="TestGroupCreation" classname="com.tr.selenium.tests.GroupCreationTest" time="3.824"/>
  <system-out><![CDATA[]]></system-out>
  <system-err><![CDATA[]]></system-err>
</testsuite>
